SF:lib/src/column.dart
DA:4,1
DA:9,1
DA:11,3
DA:14,1
DA:15,2
DA:17,1
DA:20,1
DA:21,3
DA:22,3
LF:9
LH:9
end_of_record
SF:lib/src/df.dart
DA:11,1
DA:24,2
DA:26,3
DA:30,4
DA:32,2
DA:34,2
DA:35,4
DA:41,1
DA:42,1
DA:43,2
DA:45,3
DA:46,1
DA:47,3
DA:49,1
DA:51,5
DA:54,1
DA:55,1
DA:56,1
DA:57,2
DA:59,1
DA:61,1
DA:62,1
DA:63,2
DA:64,1
DA:65,2
DA:66,2
DA:67,1
DA:68,1
DA:69,2
DA:70,1
DA:71,3
DA:74,3
DA:76,1
DA:78,5
DA:82,1
DA:83,2
DA:84,1
DA:85,2
DA:94,1
DA:96,3
DA:97,5
DA:101,1
DA:102,3
DA:103,1
DA:106,2
DA:107,2
DA:111,1
DA:112,6
DA:114,1
DA:115,4
DA:116,1
DA:121,1
DA:129,3
DA:133,1
DA:135,3
DA:141,4
DA:145,4
DA:147,4
DA:149,4
DA:153,4
DA:157,4
DA:159,1
DA:160,3
DA:162,4
DA:164,4
DA:168,1
DA:170,2
DA:171,1
DA:173,3
DA:174,2
DA:175,3
DA:178,1
DA:179,1
DA:180,6
DA:182,2
DA:183,1
DA:185,3
DA:186,2
DA:189,4
DA:195,1
DA:197,4
DA:198,3
DA:199,1
DA:234,1
DA:237,2
DA:238,2
DA:242,1
DA:245,2
DA:250,1
DA:251,1
DA:253,2
DA:254,2
DA:255,1
DA:257,1
LF:94
LH:94
end_of_record
SF:lib/src/exceptions.dart
DA:3,1
DA:11,1
DA:19,1
LF:3
LH:3
end_of_record
SF:lib/src/info.dart
DA:6,1
DA:7,2
DA:8,2
DA:12,1
DA:13,2
DA:14,2
LF:6
LH:6
end_of_record
SF:lib/src/matrix.dart
DA:10,1
DA:11,1
DA:13,2
DA:14,1
DA:15,2
DA:16,1
DA:18,2
DA:23,1
DA:24,1
DA:25,2
DA:27,2
DA:28,2
DA:29,1
DA:34,1
DA:36,1
DA:37,3
DA:38,1
DA:40,2
DA:41,2
DA:42,1
DA:44,1
DA:49,1
DA:50,1
DA:52,2
DA:55,1
DA:57,1
DA:58,1
DA:60,1
DA:61,1
DA:63,1
DA:73,1
DA:75,3
DA:76,2
DA:77,1
DA:85,1
DA:86,1
DA:87,3
DA:88,1
DA:89,1
DA:92,1
DA:93,1
DA:94,3
DA:95,1
DA:96,1
DA:99,1
DA:100,1
DA:101,3
DA:102,1
DA:103,1
DA:106,1
DA:107,1
DA:108,3
DA:109,1
DA:110,1
DA:117,1
DA:119,2
DA:120,1
LF:57
LH:57
end_of_record
